2019-03-30 18:42:40 INFO  DamageCalculator:62 - Time elapsed: 300ms.
2019-03-30 18:42:40 INFO  DamageCalculator:67 - Initial capacity: 208030
2019-03-30 18:42:40 INFO  DamageCalculator:68 - Calculated capacity: 232405
2019-03-30 18:42:40 INFO  DamageCalculator:75 - Type=INFANTRY	SubType=RIFLEMEN	T[10]:	678
2019-03-30 18:42:40 INFO  DamageCalculator:75 - Type=CAVALRY	SubType=LIGHT_CAVALRY	T[10]:	21647
2019-03-30 18:42:40 INFO  DamageCalculator:75 - Type=DISTANCE	SubType=RIFLEMEN	T[10]:	30394
2019-03-30 18:42:40 INFO  DamageCalculator:75 - Type=INFANTRY	SubType=MUSKETEERS	T[9]:	509
2019-03-30 18:42:40 INFO  DamageCalculator:75 - Type=CAVALRY	SubType=LIGHT_CAVALRY	T[9]:	16393
2019-03-30 18:42:40 INFO  DamageCalculator:75 - Type=DISTANCE	SubType=GRENADIERS	T[9]:	31879
2019-03-30 18:42:40 INFO  DamageCalculator:75 - Type=INFANTRY	SubType=RIFLEMEN	T[8]:	390
2019-03-30 18:42:40 INFO  DamageCalculator:75 - Type=CAVALRY	SubType=HEAVY_CAVALRY	T[8]:	17180
2019-03-30 18:42:40 INFO  DamageCalculator:75 - Type=DISTANCE	SubType=RIFLEMEN	T[8]:	17373
2019-03-30 18:42:40 INFO  DamageCalculator:75 - Type=INFANTRY	SubType=MUSKETEERS	T[7]:	294
2019-03-30 18:42:40 INFO  DamageCalculator:75 - Type=CAVALRY	SubType=LIGHT_CAVALRY	T[7]:	9367
2019-03-30 18:42:40 INFO  DamageCalculator:75 - Type=DISTANCE	SubType=RIFLEMEN	T[7]:	13113
2019-03-30 18:42:40 INFO  DamageCalculator:75 - Type=INFANTRY	SubType=RIFLEMEN	T[6]:	218
2019-03-30 18:42:40 INFO  DamageCalculator:75 - Type=CAVALRY	SubType=HEAVY_CAVALRY	T[6]:	9792
2019-03-30 18:42:40 INFO  DamageCalculator:75 - Type=DISTANCE	SubType=GRENADIERS	T[6]:	13763
2019-03-30 18:42:40 INFO  DamageCalculator:75 - Type=INFANTRY	SubType=MUSKETEERS	T[5]:	170
2019-03-30 18:42:40 INFO  DamageCalculator:75 - Type=CAVALRY	SubType=LIGHT_CAVALRY	T[5]:	5380
2019-03-30 18:42:40 INFO  DamageCalculator:75 - Type=DISTANCE	SubType=GRENADIERS	T[5]:	10382
2019-03-30 18:42:40 INFO  DamageCalculator:75 - Type=INFANTRY	SubType=RIFLEMEN	T[4]:	127
2019-03-30 18:42:40 INFO  DamageCalculator:75 - Type=CAVALRY	SubType=HEAVY_CAVALRY	T[4]:	5638
2019-03-30 18:42:40 INFO  DamageCalculator:75 - Type=DISTANCE	SubType=RIFLEMEN	T[4]:	5663
2019-03-30 18:42:40 INFO  DamageCalculator:75 - Type=INFANTRY	SubType=MUSKETEERS	T[3]:	95
2019-03-30 18:42:40 INFO  DamageCalculator:75 - Type=CAVALRY	SubType=HEAVY_CAVALRY	T[3]:	4238
2019-03-30 18:42:40 INFO  DamageCalculator:75 - Type=DISTANCE	SubType=GRENADIERS	T[3]:	5948
2019-03-30 18:42:40 INFO  DamageCalculator:75 - Type=INFANTRY	SubType=RIFLEMEN	T[2]:	72
2019-03-30 18:42:40 INFO  DamageCalculator:75 - Type=CAVALRY	SubType=LIGHT_CAVALRY	T[2]:	2321
2019-03-30 18:42:40 INFO  DamageCalculator:75 - Type=DISTANCE	SubType=GRENADIERS	T[2]:	4467
2019-03-30 18:42:40 INFO  DamageCalculator:75 - Type=INFANTRY	SubType=MUSKETEERS	T[1]:	54
2019-03-30 18:42:40 INFO  DamageCalculator:75 - Type=CAVALRY	SubType=HEAVY_CAVALRY	T[1]:	2405
2019-03-30 18:42:40 INFO  DamageCalculator:75 - Type=DISTANCE	SubType=RIFLEMEN	T[1]:	2455
2019-03-30 18:51:10 DEBUG Main:19 - File location: D:\src\JavaMiscProjects\DamageCalculator\src\input_parser\inputFile.txt
2019-03-30 18:53:20 DEBUG Main:19 - File location: D:\src\JavaMiscProjects\DamageCalculator\src\input_parser\inputFile.txt
2019-03-30 18:53:20 TRACE Main:22 - InputParameters [castleLevel=30, troopsAmount=208030, useMarchCapacityBoost=true, useMarchCapacitySpell=false, maxTier=10, troopAttack=477, infantryAttack=758, cavalryAttack=770, distanceAttack=841, artilleryAttack=50, troopDamage=107, infantryDamage=153, cavalryDamage=198, distanceDamage=183, artilleryDamage=50, distanceVsInfantryDamage=183, cavalryVsInfantryDamage=183]
2019-03-30 18:53:20 INFO  DamageCalculator:62 - Time elapsed: 295ms.
2019-03-30 18:53:20 INFO  DamageCalculator:67 - Initial capacity: 208030
2019-03-30 18:53:20 INFO  DamageCalculator:68 - Calculated capacity: 232405
2019-03-30 18:53:20 INFO  DamageCalculator:75 - Type=INFANTRY	SubType=RIFLEMEN	T[10]:	678
2019-03-30 18:53:20 INFO  DamageCalculator:75 - Type=CAVALRY	SubType=LIGHT_CAVALRY	T[10]:	21647
2019-03-30 18:53:20 INFO  DamageCalculator:75 - Type=DISTANCE	SubType=RIFLEMEN	T[10]:	30394
2019-03-30 18:53:20 INFO  DamageCalculator:75 - Type=INFANTRY	SubType=MUSKETEERS	T[9]:	509
2019-03-30 18:53:20 INFO  DamageCalculator:75 - Type=CAVALRY	SubType=LIGHT_CAVALRY	T[9]:	16393
2019-03-30 18:53:20 INFO  DamageCalculator:75 - Type=DISTANCE	SubType=GRENADIERS	T[9]:	31879
2019-03-30 18:53:20 INFO  DamageCalculator:75 - Type=INFANTRY	SubType=RIFLEMEN	T[8]:	390
2019-03-30 18:53:20 INFO  DamageCalculator:75 - Type=CAVALRY	SubType=HEAVY_CAVALRY	T[8]:	17180
2019-03-30 18:53:20 INFO  DamageCalculator:75 - Type=DISTANCE	SubType=RIFLEMEN	T[8]:	17373
2019-03-30 18:53:20 INFO  DamageCalculator:75 - Type=INFANTRY	SubType=MUSKETEERS	T[7]:	294
2019-03-30 18:53:20 INFO  DamageCalculator:75 - Type=CAVALRY	SubType=LIGHT_CAVALRY	T[7]:	9367
2019-03-30 18:53:20 INFO  DamageCalculator:75 - Type=DISTANCE	SubType=RIFLEMEN	T[7]:	13113
2019-03-30 18:53:20 INFO  DamageCalculator:75 - Type=INFANTRY	SubType=RIFLEMEN	T[6]:	218
2019-03-30 18:53:20 INFO  DamageCalculator:75 - Type=CAVALRY	SubType=HEAVY_CAVALRY	T[6]:	9792
2019-03-30 18:53:20 INFO  DamageCalculator:75 - Type=DISTANCE	SubType=GRENADIERS	T[6]:	13763
2019-03-30 18:53:20 INFO  DamageCalculator:75 - Type=INFANTRY	SubType=MUSKETEERS	T[5]:	170
2019-03-30 18:53:20 INFO  DamageCalculator:75 - Type=CAVALRY	SubType=LIGHT_CAVALRY	T[5]:	5380
2019-03-30 18:53:20 INFO  DamageCalculator:75 - Type=DISTANCE	SubType=GRENADIERS	T[5]:	10382
2019-03-30 18:53:20 INFO  DamageCalculator:75 - Type=INFANTRY	SubType=RIFLEMEN	T[4]:	127
2019-03-30 18:53:20 INFO  DamageCalculator:75 - Type=CAVALRY	SubType=HEAVY_CAVALRY	T[4]:	5638
2019-03-30 18:53:20 INFO  DamageCalculator:75 - Type=DISTANCE	SubType=RIFLEMEN	T[4]:	5663
2019-03-30 18:53:20 INFO  DamageCalculator:75 - Type=INFANTRY	SubType=MUSKETEERS	T[3]:	95
2019-03-30 18:53:20 INFO  DamageCalculator:75 - Type=CAVALRY	SubType=HEAVY_CAVALRY	T[3]:	4238
2019-03-30 18:53:20 INFO  DamageCalculator:75 - Type=DISTANCE	SubType=GRENADIERS	T[3]:	5948
2019-03-30 18:53:20 INFO  DamageCalculator:75 - Type=INFANTRY	SubType=RIFLEMEN	T[2]:	72
2019-03-30 18:53:20 INFO  DamageCalculator:75 - Type=CAVALRY	SubType=LIGHT_CAVALRY	T[2]:	2321
2019-03-30 18:53:20 INFO  DamageCalculator:75 - Type=DISTANCE	SubType=GRENADIERS	T[2]:	4467
2019-03-30 18:53:20 INFO  DamageCalculator:75 - Type=INFANTRY	SubType=MUSKETEERS	T[1]:	54
2019-03-30 18:53:20 INFO  DamageCalculator:75 - Type=CAVALRY	SubType=HEAVY_CAVALRY	T[1]:	2405
2019-03-30 18:53:20 INFO  DamageCalculator:75 - Type=DISTANCE	SubType=RIFLEMEN	T[1]:	2455
2019-03-30 18:55:53 DEBUG Main:19 - File location: D:\src\JavaMiscProjects\DamageCalculator\src\input_parser\inputFile.txt
2019-03-30 18:55:53 TRACE Main:22 - InputParameters [castleLevel=30, troopsAmount=208030, useMarchCapacityBoost=true, useMarchCapacitySpell=true, maxTier=10, troopAttack=477, infantryAttack=758, cavalryAttack=770, distanceAttack=841, artilleryAttack=50, troopDamage=107, infantryDamage=153, cavalryDamage=198, distanceDamage=183, artilleryDamage=50, distanceVsInfantryDamage=183, cavalryVsInfantryDamage=183]
2019-03-30 18:55:54 INFO  DamageCalculator:62 - Time elapsed: 359ms.
2019-03-30 18:55:54 INFO  DamageCalculator:67 - Initial capacity: 208030
2019-03-30 18:55:54 INFO  DamageCalculator:68 - Calculated capacity: 242155
2019-03-30 18:55:54 INFO  DamageCalculator:75 - Type=INFANTRY	SubType=RIFLEMEN	T[10]:	707
2019-03-30 18:55:54 INFO  DamageCalculator:75 - Type=CAVALRY	SubType=LIGHT_CAVALRY	T[10]:	22555
2019-03-30 18:55:54 INFO  DamageCalculator:75 - Type=DISTANCE	SubType=RIFLEMEN	T[10]:	31669
2019-03-30 18:55:54 INFO  DamageCalculator:75 - Type=INFANTRY	SubType=MUSKETEERS	T[9]:	531
2019-03-30 18:55:54 INFO  DamageCalculator:75 - Type=CAVALRY	SubType=LIGHT_CAVALRY	T[9]:	17080
2019-03-30 18:55:54 INFO  DamageCalculator:75 - Type=DISTANCE	SubType=GRENADIERS	T[9]:	33216
2019-03-30 18:55:54 INFO  DamageCalculator:75 - Type=INFANTRY	SubType=RIFLEMEN	T[8]:	406
2019-03-30 18:55:54 INFO  DamageCalculator:75 - Type=CAVALRY	SubType=HEAVY_CAVALRY	T[8]:	17900
2019-03-30 18:55:54 INFO  DamageCalculator:75 - Type=DISTANCE	SubType=RIFLEMEN	T[8]:	18102
2019-03-30 18:55:54 INFO  DamageCalculator:75 - Type=INFANTRY	SubType=MUSKETEERS	T[7]:	306
2019-03-30 18:55:54 INFO  DamageCalculator:75 - Type=CAVALRY	SubType=LIGHT_CAVALRY	T[7]:	9760
2019-03-30 18:55:54 INFO  DamageCalculator:75 - Type=DISTANCE	SubType=RIFLEMEN	T[7]:	13663
2019-03-30 18:55:54 INFO  DamageCalculator:75 - Type=INFANTRY	SubType=RIFLEMEN	T[6]:	227
2019-03-30 18:55:54 INFO  DamageCalculator:75 - Type=CAVALRY	SubType=HEAVY_CAVALRY	T[6]:	10203
2019-03-30 18:55:54 INFO  DamageCalculator:75 - Type=DISTANCE	SubType=GRENADIERS	T[6]:	14341
2019-03-30 18:55:54 INFO  DamageCalculator:75 - Type=INFANTRY	SubType=MUSKETEERS	T[5]:	177
2019-03-30 18:55:54 INFO  DamageCalculator:75 - Type=CAVALRY	SubType=LIGHT_CAVALRY	T[5]:	5606
2019-03-30 18:55:54 INFO  DamageCalculator:75 - Type=DISTANCE	SubType=GRENADIERS	T[5]:	10818
2019-03-30 18:55:54 INFO  DamageCalculator:75 - Type=INFANTRY	SubType=RIFLEMEN	T[4]:	133
2019-03-30 18:55:54 INFO  DamageCalculator:75 - Type=CAVALRY	SubType=HEAVY_CAVALRY	T[4]:	5874
2019-03-30 18:55:54 INFO  DamageCalculator:75 - Type=DISTANCE	SubType=RIFLEMEN	T[4]:	5900
2019-03-30 18:55:54 INFO  DamageCalculator:75 - Type=INFANTRY	SubType=MUSKETEERS	T[3]:	99
2019-03-30 18:55:54 INFO  DamageCalculator:75 - Type=CAVALRY	SubType=HEAVY_CAVALRY	T[3]:	4416
2019-03-30 18:55:54 INFO  DamageCalculator:75 - Type=DISTANCE	SubType=GRENADIERS	T[3]:	6197
2019-03-30 18:55:54 INFO  DamageCalculator:75 - Type=INFANTRY	SubType=RIFLEMEN	T[2]:	75
2019-03-30 18:55:54 INFO  DamageCalculator:75 - Type=CAVALRY	SubType=LIGHT_CAVALRY	T[2]:	2418
2019-03-30 18:55:54 INFO  DamageCalculator:75 - Type=DISTANCE	SubType=GRENADIERS	T[2]:	4655
2019-03-30 18:55:54 INFO  DamageCalculator:75 - Type=INFANTRY	SubType=MUSKETEERS	T[1]:	57
2019-03-30 18:55:54 INFO  DamageCalculator:75 - Type=CAVALRY	SubType=HEAVY_CAVALRY	T[1]:	2506
2019-03-30 18:55:54 INFO  DamageCalculator:75 - Type=DISTANCE	SubType=RIFLEMEN	T[1]:	2558
2019-03-30 18:58:00 DEBUG Main:19 - File location: D:\src\JavaMiscProjects\DamageCalculator\src\input_parser\inputFile.txt
2019-03-30 18:58:10 DEBUG Main:19 - File location: D:\src\JavaMiscProjects\DamageCalculator\src\input_parser\inputFile.json
2019-03-30 18:58:10 TRACE Main:22 - InputParameters [castleLevel=30, troopsAmount=208030, useMarchCapacityBoost=true, useMarchCapacitySpell=true, maxTier=10, troopAttack=477, infantryAttack=758, cavalryAttack=770, distanceAttack=841, artilleryAttack=50, troopDamage=107, infantryDamage=153, cavalryDamage=198, distanceDamage=183, artilleryDamage=50, distanceVsInfantryDamage=183, cavalryVsInfantryDamage=183]
2019-03-30 18:58:10 INFO  DamageCalculator:62 - Time elapsed: 384ms.
2019-03-30 18:58:10 INFO  DamageCalculator:67 - Initial capacity: 208030
2019-03-30 18:58:10 INFO  DamageCalculator:68 - Calculated capacity: 242155
2019-03-30 18:58:10 INFO  DamageCalculator:75 - Type=INFANTRY	SubType=RIFLEMEN	T[10]:	707
2019-03-30 18:58:10 INFO  DamageCalculator:75 - Type=CAVALRY	SubType=LIGHT_CAVALRY	T[10]:	22555
2019-03-30 18:58:10 INFO  DamageCalculator:75 - Type=DISTANCE	SubType=RIFLEMEN	T[10]:	31669
2019-03-30 18:58:10 INFO  DamageCalculator:75 - Type=INFANTRY	SubType=MUSKETEERS	T[9]:	531
2019-03-30 18:58:10 INFO  DamageCalculator:75 - Type=CAVALRY	SubType=LIGHT_CAVALRY	T[9]:	17080
2019-03-30 18:58:10 INFO  DamageCalculator:75 - Type=DISTANCE	SubType=GRENADIERS	T[9]:	33216
2019-03-30 18:58:10 INFO  DamageCalculator:75 - Type=INFANTRY	SubType=RIFLEMEN	T[8]:	406
2019-03-30 18:58:10 INFO  DamageCalculator:75 - Type=CAVALRY	SubType=HEAVY_CAVALRY	T[8]:	17900
2019-03-30 18:58:10 INFO  DamageCalculator:75 - Type=DISTANCE	SubType=RIFLEMEN	T[8]:	18102
2019-03-30 18:58:10 INFO  DamageCalculator:75 - Type=INFANTRY	SubType=MUSKETEERS	T[7]:	306
2019-03-30 18:58:10 INFO  DamageCalculator:75 - Type=CAVALRY	SubType=LIGHT_CAVALRY	T[7]:	9760
2019-03-30 18:58:10 INFO  DamageCalculator:75 - Type=DISTANCE	SubType=RIFLEMEN	T[7]:	13663
2019-03-30 18:58:10 INFO  DamageCalculator:75 - Type=INFANTRY	SubType=RIFLEMEN	T[6]:	227
2019-03-30 18:58:10 INFO  DamageCalculator:75 - Type=CAVALRY	SubType=HEAVY_CAVALRY	T[6]:	10203
2019-03-30 18:58:10 INFO  DamageCalculator:75 - Type=DISTANCE	SubType=GRENADIERS	T[6]:	14341
2019-03-30 18:58:10 INFO  DamageCalculator:75 - Type=INFANTRY	SubType=MUSKETEERS	T[5]:	177
2019-03-30 18:58:10 INFO  DamageCalculator:75 - Type=CAVALRY	SubType=LIGHT_CAVALRY	T[5]:	5606
2019-03-30 18:58:10 INFO  DamageCalculator:75 - Type=DISTANCE	SubType=GRENADIERS	T[5]:	10818
2019-03-30 18:58:10 INFO  DamageCalculator:75 - Type=INFANTRY	SubType=RIFLEMEN	T[4]:	133
2019-03-30 18:58:10 INFO  DamageCalculator:75 - Type=CAVALRY	SubType=HEAVY_CAVALRY	T[4]:	5874
2019-03-30 18:58:10 INFO  DamageCalculator:75 - Type=DISTANCE	SubType=RIFLEMEN	T[4]:	5900
2019-03-30 18:58:10 INFO  DamageCalculator:75 - Type=INFANTRY	SubType=MUSKETEERS	T[3]:	99
2019-03-30 18:58:10 INFO  DamageCalculator:75 - Type=CAVALRY	SubType=HEAVY_CAVALRY	T[3]:	4416
2019-03-30 18:58:10 INFO  DamageCalculator:75 - Type=DISTANCE	SubType=GRENADIERS	T[3]:	6197
2019-03-30 18:58:10 INFO  DamageCalculator:75 - Type=INFANTRY	SubType=RIFLEMEN	T[2]:	75
2019-03-30 18:58:10 INFO  DamageCalculator:75 - Type=CAVALRY	SubType=LIGHT_CAVALRY	T[2]:	2418
2019-03-30 18:58:10 INFO  DamageCalculator:75 - Type=DISTANCE	SubType=GRENADIERS	T[2]:	4655
2019-03-30 18:58:10 INFO  DamageCalculator:75 - Type=INFANTRY	SubType=MUSKETEERS	T[1]:	57
2019-03-30 18:58:10 INFO  DamageCalculator:75 - Type=CAVALRY	SubType=HEAVY_CAVALRY	T[1]:	2506
2019-03-30 18:58:10 INFO  DamageCalculator:75 - Type=DISTANCE	SubType=RIFLEMEN	T[1]:	2558
2019-03-30 19:02:30 DEBUG Main:19 - File location: D:\src\JavaMiscProjects\DamageCalculator\src\input_parser\inputFile.json
2019-03-30 19:02:30 TRACE Main:22 - InputParameters [castleLevel=30, troopsAmount=208030, useMarchCapacityBoost=true, useMarchCapacitySpell=true, maxTier=10, troopAttack=477, infantryAttack=758, cavalryAttack=770, distanceAttack=841, artilleryAttack=50, troopDamage=107, infantryDamage=153, cavalryDamage=198, distanceDamage=183, artilleryDamage=50, distanceVsInfantryDamage=183, cavalryVsInfantryDamage=183]
2019-03-30 19:03:48 DEBUG Main:19 - File location: D:\src\JavaMiscProjects\DamageCalculator\src\input_parser\inputFile.json
2019-03-30 19:03:48 TRACE Main:22 - InputParameters [castleLevel=30, troopsAmount=208030, useMarchCapacityBoost=true, useMarchCapacitySpell=true, maxTier=10, troopAttack=477, infantryAttack=758, cavalryAttack=770, distanceAttack=841, artilleryAttack=50, troopDamage=107, infantryDamage=153, cavalryDamage=198, distanceDamage=183, artilleryDamage=50, distanceVsInfantryDamage=183, cavalryVsInfantryDamage=183]
2019-03-30 19:03:49 INFO  DamageCalculator:62 - Time elapsed: 195ms.
2019-03-30 19:03:49 INFO  DamageCalculator:67 - Initial capacity: 208030
2019-03-30 19:03:49 INFO  DamageCalculator:68 - Calculated capacity: 242155
2019-03-30 19:03:49 INFO  DamageCalculator:75 - Type=INFANTRY	SubType=RIFLEMEN	T[10]:	707
2019-03-30 19:03:49 INFO  DamageCalculator:75 - Type=CAVALRY	SubType=LIGHT_CAVALRY	T[10]:	22555
2019-03-30 19:03:49 INFO  DamageCalculator:75 - Type=DISTANCE	SubType=RIFLEMEN	T[10]:	31669
2019-03-30 19:03:49 INFO  DamageCalculator:75 - Type=INFANTRY	SubType=MUSKETEERS	T[9]:	531
2019-03-30 19:03:49 INFO  DamageCalculator:75 - Type=CAVALRY	SubType=LIGHT_CAVALRY	T[9]:	17080
2019-03-30 19:03:49 INFO  DamageCalculator:75 - Type=DISTANCE	SubType=GRENADIERS	T[9]:	33216
2019-03-30 19:03:49 INFO  DamageCalculator:75 - Type=INFANTRY	SubType=RIFLEMEN	T[8]:	406
2019-03-30 19:03:49 INFO  DamageCalculator:75 - Type=CAVALRY	SubType=HEAVY_CAVALRY	T[8]:	17900
2019-03-30 19:03:49 INFO  DamageCalculator:75 - Type=DISTANCE	SubType=RIFLEMEN	T[8]:	18102
2019-03-30 19:03:49 INFO  DamageCalculator:75 - Type=INFANTRY	SubType=MUSKETEERS	T[7]:	306
2019-03-30 19:03:49 INFO  DamageCalculator:75 - Type=CAVALRY	SubType=LIGHT_CAVALRY	T[7]:	9760
2019-03-30 19:03:49 INFO  DamageCalculator:75 - Type=DISTANCE	SubType=RIFLEMEN	T[7]:	13663
2019-03-30 19:03:49 INFO  DamageCalculator:75 - Type=INFANTRY	SubType=RIFLEMEN	T[6]:	227
2019-03-30 19:03:49 INFO  DamageCalculator:75 - Type=CAVALRY	SubType=HEAVY_CAVALRY	T[6]:	10203
2019-03-30 19:03:49 INFO  DamageCalculator:75 - Type=DISTANCE	SubType=GRENADIERS	T[6]:	14341
2019-03-30 19:03:49 INFO  DamageCalculator:75 - Type=INFANTRY	SubType=MUSKETEERS	T[5]:	177
2019-03-30 19:03:49 INFO  DamageCalculator:75 - Type=CAVALRY	SubType=LIGHT_CAVALRY	T[5]:	5606
2019-03-30 19:03:49 INFO  DamageCalculator:75 - Type=DISTANCE	SubType=GRENADIERS	T[5]:	10818
2019-03-30 19:03:49 INFO  DamageCalculator:75 - Type=INFANTRY	SubType=RIFLEMEN	T[4]:	133
2019-03-30 19:03:49 INFO  DamageCalculator:75 - Type=CAVALRY	SubType=HEAVY_CAVALRY	T[4]:	5874
2019-03-30 19:03:49 INFO  DamageCalculator:75 - Type=DISTANCE	SubType=RIFLEMEN	T[4]:	5900
2019-03-30 19:03:49 INFO  DamageCalculator:75 - Type=INFANTRY	SubType=MUSKETEERS	T[3]:	99
2019-03-30 19:03:49 INFO  DamageCalculator:75 - Type=CAVALRY	SubType=HEAVY_CAVALRY	T[3]:	4416
2019-03-30 19:03:49 INFO  DamageCalculator:75 - Type=DISTANCE	SubType=GRENADIERS	T[3]:	6197
2019-03-30 19:03:49 INFO  DamageCalculator:75 - Type=INFANTRY	SubType=RIFLEMEN	T[2]:	75
2019-03-30 19:03:49 INFO  DamageCalculator:75 - Type=CAVALRY	SubType=LIGHT_CAVALRY	T[2]:	2418
2019-03-30 19:03:49 INFO  DamageCalculator:75 - Type=DISTANCE	SubType=GRENADIERS	T[2]:	4655
2019-03-30 19:03:49 INFO  DamageCalculator:75 - Type=INFANTRY	SubType=MUSKETEERS	T[1]:	57
2019-03-30 19:03:49 INFO  DamageCalculator:75 - Type=CAVALRY	SubType=HEAVY_CAVALRY	T[1]:	2506
2019-03-30 19:03:49 INFO  DamageCalculator:75 - Type=DISTANCE	SubType=RIFLEMEN	T[1]:	2558
2019-03-30 19:04:07 DEBUG Main:19 - File location: D:\src\JavaMiscProjects\DamageCalculator\src\input_parser\inputFile.json
2019-03-30 19:04:07 TRACE Main:22 - InputParameters [castleLevel=30, troopsAmount=20000000, useMarchCapacityBoost=true, useMarchCapacitySpell=true, maxTier=10, troopAttack=477, infantryAttack=758, cavalryAttack=770, distanceAttack=841, artilleryAttack=50, troopDamage=107, infantryDamage=153, cavalryDamage=198, distanceDamage=183, artilleryDamage=50, distanceVsInfantryDamage=183, cavalryVsInfantryDamage=183]
2019-03-30 19:04:20 INFO  DamageCalculator:62 - Time elapsed: 13367ms.
2019-03-30 19:04:20 INFO  DamageCalculator:67 - Initial capacity: 20000000
2019-03-30 19:04:20 INFO  DamageCalculator:68 - Calculated capacity: 20034125
2019-03-30 19:04:20 INFO  DamageCalculator:75 - Type=INFANTRY	SubType=RIFLEMEN	T[10]:	58456
2019-03-30 19:04:20 INFO  DamageCalculator:75 - Type=CAVALRY	SubType=LIGHT_CAVALRY	T[10]:	1866073
2019-03-30 19:04:20 INFO  DamageCalculator:75 - Type=DISTANCE	SubType=RIFLEMEN	T[10]:	2620091
2019-03-30 19:04:20 INFO  DamageCalculator:75 - Type=INFANTRY	SubType=MUSKETEERS	T[9]:	43907
2019-03-30 19:04:20 INFO  DamageCalculator:75 - Type=CAVALRY	SubType=LIGHT_CAVALRY	T[9]:	1413101
2019-03-30 19:04:20 INFO  DamageCalculator:75 - Type=DISTANCE	SubType=GRENADIERS	T[9]:	2748055
2019-03-30 19:04:20 INFO  DamageCalculator:75 - Type=INFANTRY	SubType=RIFLEMEN	T[8]:	33616
2019-03-30 19:04:20 INFO  DamageCalculator:75 - Type=CAVALRY	SubType=HEAVY_CAVALRY	T[8]:	1480960
2019-03-30 19:04:20 INFO  DamageCalculator:75 - Type=DISTANCE	SubType=RIFLEMEN	T[8]:	1497604
2019-03-30 19:04:20 INFO  DamageCalculator:75 - Type=INFANTRY	SubType=MUSKETEERS	T[7]:	25335
2019-03-30 19:04:20 INFO  DamageCalculator:75 - Type=CAVALRY	SubType=LIGHT_CAVALRY	T[7]:	807494
2019-03-30 19:04:20 INFO  DamageCalculator:75 - Type=DISTANCE	SubType=RIFLEMEN	T[7]:	1130397
2019-03-30 19:04:20 INFO  DamageCalculator:75 - Type=INFANTRY	SubType=RIFLEMEN	T[6]:	18771
2019-03-30 19:04:20 INFO  DamageCalculator:75 - Type=CAVALRY	SubType=HEAVY_CAVALRY	T[6]:	844110
2019-03-30 19:04:20 INFO  DamageCalculator:75 - Type=DISTANCE	SubType=GRENADIERS	T[6]:	1186441
2019-03-30 19:04:20 INFO  DamageCalculator:75 - Type=INFANTRY	SubType=MUSKETEERS	T[5]:	14614
2019-03-30 19:04:20 INFO  DamageCalculator:75 - Type=CAVALRY	SubType=LIGHT_CAVALRY	T[5]:	463770
2019-03-30 19:04:20 INFO  DamageCalculator:75 - Type=DISTANCE	SubType=GRENADIERS	T[5]:	894977
2019-03-30 19:04:20 INFO  DamageCalculator:75 - Type=INFANTRY	SubType=RIFLEMEN	T[4]:	10977
2019-03-30 19:04:20 INFO  DamageCalculator:75 - Type=CAVALRY	SubType=HEAVY_CAVALRY	T[4]:	485983
2019-03-30 19:04:20 INFO  DamageCalculator:75 - Type=DISTANCE	SubType=RIFLEMEN	T[4]:	488147
2019-03-30 19:04:20 INFO  DamageCalculator:75 - Type=INFANTRY	SubType=MUSKETEERS	T[3]:	8220
2019-03-30 19:04:20 INFO  DamageCalculator:75 - Type=CAVALRY	SubType=HEAVY_CAVALRY	T[3]:	365352
2019-03-30 19:04:20 INFO  DamageCalculator:75 - Type=DISTANCE	SubType=GRENADIERS	T[3]:	512704
2019-03-30 19:04:20 INFO  DamageCalculator:75 - Type=INFANTRY	SubType=RIFLEMEN	T[2]:	6174
2019-03-30 19:04:20 INFO  DamageCalculator:75 - Type=CAVALRY	SubType=LIGHT_CAVALRY	T[2]:	200067
2019-03-30 19:04:20 INFO  DamageCalculator:75 - Type=DISTANCE	SubType=GRENADIERS	T[2]:	385098
2019-03-30 19:04:20 INFO  DamageCalculator:75 - Type=INFANTRY	SubType=MUSKETEERS	T[1]:	4693
2019-03-30 19:04:20 INFO  DamageCalculator:75 - Type=CAVALRY	SubType=HEAVY_CAVALRY	T[1]:	207341
2019-03-30 19:04:20 INFO  DamageCalculator:75 - Type=DISTANCE	SubType=RIFLEMEN	T[1]:	211597
2019-03-30 19:12:47 WARN  Main:30 - No arguments passed to CLI.
2019-03-30 19:12:47 INFO  Main:38 - Usage: java -jar DamageCalculator.jar -file <path_to_file>
2019-03-30 19:12:47 DEBUG Main:20 - File location: D:\src\JavaMiscProjects\DamageCalculator\src\input_parser\inputFile.json
2019-03-30 19:12:47 TRACE Main:23 - InputParameters [castleLevel=30, troopsAmount=20000000, useMarchCapacityBoost=true, useMarchCapacitySpell=true, maxTier=10, troopAttack=477, infantryAttack=758, cavalryAttack=770, distanceAttack=841, artilleryAttack=50, troopDamage=107, infantryDamage=153, cavalryDamage=198, distanceDamage=183, artilleryDamage=50, distanceVsInfantryDamage=183, cavalryVsInfantryDamage=183]
2019-03-30 19:13:01 INFO  DamageCalculator:62 - Time elapsed: 13601ms.
2019-03-30 19:13:01 INFO  DamageCalculator:67 - Initial capacity: 20000000
2019-03-30 19:13:01 INFO  DamageCalculator:68 - Calculated capacity: 20034125
2019-03-30 19:13:01 INFO  DamageCalculator:75 - Type=INFANTRY	SubType=RIFLEMEN	T[10]:	58456
2019-03-30 19:13:01 INFO  DamageCalculator:75 - Type=CAVALRY	SubType=LIGHT_CAVALRY	T[10]:	1866073
2019-03-30 19:13:01 INFO  DamageCalculator:75 - Type=DISTANCE	SubType=RIFLEMEN	T[10]:	2620091
2019-03-30 19:13:01 INFO  DamageCalculator:75 - Type=INFANTRY	SubType=MUSKETEERS	T[9]:	43907
2019-03-30 19:13:01 INFO  DamageCalculator:75 - Type=CAVALRY	SubType=LIGHT_CAVALRY	T[9]:	1413101
2019-03-30 19:13:01 INFO  DamageCalculator:75 - Type=DISTANCE	SubType=GRENADIERS	T[9]:	2748055
2019-03-30 19:13:01 INFO  DamageCalculator:75 - Type=INFANTRY	SubType=RIFLEMEN	T[8]:	33616
2019-03-30 19:13:01 INFO  DamageCalculator:75 - Type=CAVALRY	SubType=HEAVY_CAVALRY	T[8]:	1480960
2019-03-30 19:13:01 INFO  DamageCalculator:75 - Type=DISTANCE	SubType=RIFLEMEN	T[8]:	1497604
2019-03-30 19:13:01 INFO  DamageCalculator:75 - Type=INFANTRY	SubType=MUSKETEERS	T[7]:	25335
2019-03-30 19:13:01 INFO  DamageCalculator:75 - Type=CAVALRY	SubType=LIGHT_CAVALRY	T[7]:	807494
2019-03-30 19:13:01 INFO  DamageCalculator:75 - Type=DISTANCE	SubType=RIFLEMEN	T[7]:	1130397
2019-03-30 19:13:01 INFO  DamageCalculator:75 - Type=INFANTRY	SubType=RIFLEMEN	T[6]:	18771
2019-03-30 19:13:01 INFO  DamageCalculator:75 - Type=CAVALRY	SubType=HEAVY_CAVALRY	T[6]:	844110
2019-03-30 19:13:01 INFO  DamageCalculator:75 - Type=DISTANCE	SubType=GRENADIERS	T[6]:	1186441
2019-03-30 19:13:01 INFO  DamageCalculator:75 - Type=INFANTRY	SubType=MUSKETEERS	T[5]:	14614
2019-03-30 19:13:01 INFO  DamageCalculator:75 - Type=CAVALRY	SubType=LIGHT_CAVALRY	T[5]:	463770
2019-03-30 19:13:01 INFO  DamageCalculator:75 - Type=DISTANCE	SubType=GRENADIERS	T[5]:	894977
2019-03-30 19:13:01 INFO  DamageCalculator:75 - Type=INFANTRY	SubType=RIFLEMEN	T[4]:	10977
2019-03-30 19:13:01 INFO  DamageCalculator:75 - Type=CAVALRY	SubType=HEAVY_CAVALRY	T[4]:	485983
2019-03-30 19:13:01 INFO  DamageCalculator:75 - Type=DISTANCE	SubType=RIFLEMEN	T[4]:	488147
2019-03-30 19:13:01 INFO  DamageCalculator:75 - Type=INFANTRY	SubType=MUSKETEERS	T[3]:	8220
2019-03-30 19:13:01 INFO  DamageCalculator:75 - Type=CAVALRY	SubType=HEAVY_CAVALRY	T[3]:	365352
2019-03-30 19:13:01 INFO  DamageCalculator:75 - Type=DISTANCE	SubType=GRENADIERS	T[3]:	512704
2019-03-30 19:13:01 INFO  DamageCalculator:75 - Type=INFANTRY	SubType=RIFLEMEN	T[2]:	6174
2019-03-30 19:13:01 INFO  DamageCalculator:75 - Type=CAVALRY	SubType=LIGHT_CAVALRY	T[2]:	200067
2019-03-30 19:13:01 INFO  DamageCalculator:75 - Type=DISTANCE	SubType=GRENADIERS	T[2]:	385098
2019-03-30 19:13:01 INFO  DamageCalculator:75 - Type=INFANTRY	SubType=MUSKETEERS	T[1]:	4693
2019-03-30 19:13:01 INFO  DamageCalculator:75 - Type=CAVALRY	SubType=HEAVY_CAVALRY	T[1]:	207341
2019-03-30 19:13:01 INFO  DamageCalculator:75 - Type=DISTANCE	SubType=RIFLEMEN	T[1]:	211597
2019-03-30 19:13:09 WARN  Main:30 - No arguments passed to CLI.
2019-03-30 19:13:09 INFO  Main:38 - Usage: java -jar DamageCalculator.jar -file <Path to JSON file>
2019-03-30 19:13:09 DEBUG Main:20 - File location: D:\src\JavaMiscProjects\DamageCalculator\src\input_parser\inputFile.json
2019-03-30 19:13:09 TRACE Main:23 - InputParameters [castleLevel=30, troopsAmount=208030, useMarchCapacityBoost=true, useMarchCapacitySpell=true, maxTier=10, troopAttack=477, infantryAttack=758, cavalryAttack=770, distanceAttack=841, artilleryAttack=50, troopDamage=107, infantryDamage=153, cavalryDamage=198, distanceDamage=183, artilleryDamage=50, distanceVsInfantryDamage=183, cavalryVsInfantryDamage=183]
2019-03-30 19:13:09 INFO  DamageCalculator:62 - Time elapsed: 183ms.
2019-03-30 19:13:09 INFO  DamageCalculator:67 - Initial capacity: 208030
2019-03-30 19:13:09 INFO  DamageCalculator:68 - Calculated capacity: 242155
2019-03-30 19:13:09 INFO  DamageCalculator:75 - Type=INFANTRY	SubType=RIFLEMEN	T[10]:	707
2019-03-30 19:13:09 INFO  DamageCalculator:75 - Type=CAVALRY	SubType=LIGHT_CAVALRY	T[10]:	22555
2019-03-30 19:13:09 INFO  DamageCalculator:75 - Type=DISTANCE	SubType=RIFLEMEN	T[10]:	31669
2019-03-30 19:13:09 INFO  DamageCalculator:75 - Type=INFANTRY	SubType=MUSKETEERS	T[9]:	531
2019-03-30 19:13:09 INFO  DamageCalculator:75 - Type=CAVALRY	SubType=LIGHT_CAVALRY	T[9]:	17080
2019-03-30 19:13:09 INFO  DamageCalculator:75 - Type=DISTANCE	SubType=GRENADIERS	T[9]:	33216
2019-03-30 19:13:09 INFO  DamageCalculator:75 - Type=INFANTRY	SubType=RIFLEMEN	T[8]:	406
2019-03-30 19:13:09 INFO  DamageCalculator:75 - Type=CAVALRY	SubType=HEAVY_CAVALRY	T[8]:	17900
2019-03-30 19:13:09 INFO  DamageCalculator:75 - Type=DISTANCE	SubType=RIFLEMEN	T[8]:	18102
2019-03-30 19:13:09 INFO  DamageCalculator:75 - Type=INFANTRY	SubType=MUSKETEERS	T[7]:	306
2019-03-30 19:13:09 INFO  DamageCalculator:75 - Type=CAVALRY	SubType=LIGHT_CAVALRY	T[7]:	9760
2019-03-30 19:13:09 INFO  DamageCalculator:75 - Type=DISTANCE	SubType=RIFLEMEN	T[7]:	13663
2019-03-30 19:13:09 INFO  DamageCalculator:75 - Type=INFANTRY	SubType=RIFLEMEN	T[6]:	227
2019-03-30 19:13:09 INFO  DamageCalculator:75 - Type=CAVALRY	SubType=HEAVY_CAVALRY	T[6]:	10203
2019-03-30 19:13:09 INFO  DamageCalculator:75 - Type=DISTANCE	SubType=GRENADIERS	T[6]:	14341
2019-03-30 19:13:09 INFO  DamageCalculator:75 - Type=INFANTRY	SubType=MUSKETEERS	T[5]:	177
2019-03-30 19:13:09 INFO  DamageCalculator:75 - Type=CAVALRY	SubType=LIGHT_CAVALRY	T[5]:	5606
2019-03-30 19:13:09 INFO  DamageCalculator:75 - Type=DISTANCE	SubType=GRENADIERS	T[5]:	10818
2019-03-30 19:13:09 INFO  DamageCalculator:75 - Type=INFANTRY	SubType=RIFLEMEN	T[4]:	133
2019-03-30 19:13:09 INFO  DamageCalculator:75 - Type=CAVALRY	SubType=HEAVY_CAVALRY	T[4]:	5874
2019-03-30 19:13:09 INFO  DamageCalculator:75 - Type=DISTANCE	SubType=RIFLEMEN	T[4]:	5900
2019-03-30 19:13:09 INFO  DamageCalculator:75 - Type=INFANTRY	SubType=MUSKETEERS	T[3]:	99
2019-03-30 19:13:09 INFO  DamageCalculator:75 - Type=CAVALRY	SubType=HEAVY_CAVALRY	T[3]:	4416
2019-03-30 19:13:09 INFO  DamageCalculator:75 - Type=DISTANCE	SubType=GRENADIERS	T[3]:	6197
2019-03-30 19:13:09 INFO  DamageCalculator:75 - Type=INFANTRY	SubType=RIFLEMEN	T[2]:	75
2019-03-30 19:13:09 INFO  DamageCalculator:75 - Type=CAVALRY	SubType=LIGHT_CAVALRY	T[2]:	2418
2019-03-30 19:13:09 INFO  DamageCalculator:75 - Type=DISTANCE	SubType=GRENADIERS	T[2]:	4655
2019-03-30 19:13:09 INFO  DamageCalculator:75 - Type=INFANTRY	SubType=MUSKETEERS	T[1]:	57
2019-03-30 19:13:09 INFO  DamageCalculator:75 - Type=CAVALRY	SubType=HEAVY_CAVALRY	T[1]:	2506
2019-03-30 19:13:09 INFO  DamageCalculator:75 - Type=DISTANCE	SubType=RIFLEMEN	T[1]:	2558
